<?xml version="1.0" encoding="UTF-8"?>
<!-- Generated by org.testng.reporters.JUnitReportReporter -->
<testsuite hostname="DESKTOP-AFQ4P77" failures="0" tests="1" name="com.Get.Methods.SendData_jsp" time="11.447" errors="0" timestamp="11 Jul 2021 05:00:53 GMT" skipped="0">
  <testcase classname="com.Get.Methods.SendData_jsp" name="senddata" time="11.447"/>
</testsuite> <!-- com.Get.Methods.SendData_jsp -->
