<?xml version="1.0" encoding="UTF-8"?>
<!-- Generated by org.testng.reporters.JUnitReportReporter -->
<testsuite hostname="DESKTOP-AFQ4P77" failures="0" tests="1" name="com.Actions.concept.Keysaction" time="8.502" errors="0" timestamp="08 Jul 2021 16:15:40 GMT" skipped="0">
  <testcase classname="com.Actions.concept.Keysaction" name="Keysactioexampel" time="8.502"/>
</testsuite> <!-- com.Actions.concept.Keysaction -->
