<?xml version="1.0" encoding="UTF-8"?>
<!-- Generated by org.testng.reporters.JUnitReportReporter -->
<testsuite hostname="DESKTOP-AFQ4P77" failures="0" tests="1" name="com.TestNg.concepts.ParameterProgram" time="18.705" errors="0" timestamp="15 Jul 2021 12:57:28 GMT" skipped="0">
  <testcase classname="com.TestNg.concepts.ParameterProgram" name="loginpage" time="18.705"/>
</testsuite> <!-- com.TestNg.concepts.ParameterProgram -->
