<?xml version="1.0" encoding="UTF-8"?>
<!-- Generated by org.testng.reporters.JUnitReportReporter -->
<testsuite hostname="DESKTOP-AFQ4P77" failures="0" tests="1" name="com.Get.Methods.Linktext" time="7.362" errors="0" timestamp="11 Jul 2021 07:05:25 GMT" skipped="0">
  <testcase classname="com.Get.Methods.Linktext" name="linktest" time="7.362"/>
</testsuite> <!-- com.Get.Methods.Linktext -->
