<?xml version="1.0" encoding="UTF-8"?>
<!-- Generated by org.testng.reporters.JUnitReportReporter -->
<testsuite hostname="DESKTOP-AFQ4P77" failures="0" tests="1" name="com.Get.Methods.Navigation" time="20.004" errors="0" timestamp="11 Jul 2021 06:10:31 GMT" skipped="0">
  <testcase classname="com.Get.Methods.Navigation" name="NavigatioEx" time="20.004"/>
</testsuite> <!-- com.Get.Methods.Navigation -->
