<?xml version="1.0" encoding="UTF-8"?>
<!-- Generated by org.testng.reporters.JUnitReportReporter -->
<testsuite hostname="DESKTOP-AFQ4P77" failures="0" tests="1" name="com.Get.Methods.get_TagandAttribute" time="14.067" errors="0" timestamp="11 Jul 2021 04:06:31 GMT" skipped="0">
  <testcase classname="com.Get.Methods.get_TagandAttribute" name="TagAttribute" time="14.067"/>
</testsuite> <!-- com.Get.Methods.get_TagandAttribute -->
