<?xml version="1.0" encoding="UTF-8"?>
<!-- Generated by org.testng.reporters.JUnitReportReporter -->
<testsuite hostname="DESKTOP-AFQ4P77" failures="0" tests="1" name="com.Get.Methods.getcssvalue" time="12.801" errors="0" timestamp="11 Jul 2021 04:08:50 GMT" skipped="0">
  <testcase classname="com.Get.Methods.getcssvalue" name="cssvalue" time="12.801"/>
</testsuite> <!-- com.Get.Methods.getcssvalue -->
