<?xml version="1.0" encoding="UTF-8"?>
<!-- Generated by org.testng.reporters.JUnitReportReporter -->
<testsuite hostname="DESKTOP-AFQ4P77" failures="0" tests="1" name="com.FileHandlingConcept.Propertiesfile_Ex" time="16.496" errors="0" timestamp="10 Jul 2021 05:36:38 GMT" skipped="0">
  <testcase classname="com.FileHandlingConcept.Propertiesfile_Ex" name="Properties" time="16.496"/>
</testsuite> <!-- com.FileHandlingConcept.Propertiesfile_Ex -->
