<?xml version="1.0" encoding="UTF-8"?>
<!-- Generated by org.testng.reporters.JUnitReportReporter -->
<testsuite hostname="DESKTOP-AFQ4P77" failures="0" tests="1" name="com.Alert_Example.AlertMessage" time="40.482" errors="0" timestamp="08 Jul 2021 16:34:15 GMT" skipped="0">
  <testcase classname="com.Alert_Example.AlertMessage" name="AlertMessageEx" time="40.482"/>
</testsuite> <!-- com.Alert_Example.AlertMessage -->
