<?xml version="1.0" encoding="UTF-8"?>
<!-- Generated by org.testng.reporters.JUnitReportReporter -->
<testsuite hostname="DESKTOP-AFQ4P77" failures="0" tests="1" name="com.Get.Methods.Scrollpage" time="21.338" errors="0" timestamp="11 Jul 2021 04:45:14 GMT" skipped="0">
  <testcase classname="com.Get.Methods.Scrollpage" name="Scrolling" time="21.338"/>
</testsuite> <!-- com.Get.Methods.Scrollpage -->
