<?xml version="1.0" encoding="UTF-8"?>
<!-- Generated by org.testng.reporters.JUnitReportReporter -->
<testsuite hostname="DESKTOP-AFQ4P77" failures="0" tests="1" name="com.TestNg.concepts.Class_A" time="0.011" errors="0" timestamp="15 Jul 2021 11:15:48 GMT" skipped="0">
  <testcase classname="com.TestNg.concepts.Class_A" name="TC_03" time="0.011"/>
</testsuite> <!-- com.TestNg.concepts.Class_A -->
