<?xml version="1.0" encoding="UTF-8"?>
<!-- Generated by org.testng.reporters.JUnitReportReporter -->
<testsuite hostname="DESKTOP-AFQ4P77" failures="0" tests="1" name="com.Selenium.Examples.Flipcartproject" time="43.977" errors="0" timestamp="11 Jul 2021 08:16:18 GMT" skipped="0">
  <testcase classname="com.Selenium.Examples.Flipcartproject" name="Flipcartex" time="43.977"/>
</testsuite> <!-- com.Selenium.Examples.Flipcartproject -->
