<?xml version="1.0" encoding="UTF-8"?>
<!-- Generated by org.testng.reporters.JUnitReportReporter -->
<testsuite hostname="DESKTOP-AFQ4P77" failures="0" tests="1" name="com.Actions.concept.DragAndDrop" time="64.768" errors="0" timestamp="08 Jul 2021 14:38:50 GMT" skipped="0">
  <testcase classname="com.Actions.concept.DragAndDrop" name="DragandDropbox" time="64.768"/>
</testsuite> <!-- com.Actions.concept.DragAndDrop -->
