<?xml version="1.0" encoding="UTF-8"?>
<!-- Generated by org.testng.reporters.JUnitReportReporter -->
<testsuite hostname="DESKTOP-AFQ4P77" failures="0" tests="1" name="com.Screenshot.Ex.Dropdown2Ex" time="9.521" errors="0" timestamp="10 Jul 2021 09:48:35 GMT" skipped="0">
  <testcase classname="com.Screenshot.Ex.Dropdown2Ex" name="DropdownEx" time="9.521"/>
</testsuite> <!-- com.Screenshot.Ex.Dropdown2Ex -->
